The push refers to repository [registry.cn-shenzhen.aliyuncs.com/wenjusir/aju]
a02461115a91: Preparing
0a51ee819645: Preparing
d3a9081c55ae: Preparing
fef089faac77: Preparing
98017bb62632: Preparing
1084b96295cb: Preparing
2aab402018e2: Preparing
613be09ab3c0: Preparing
1084b96295cb: Waiting
2aab402018e2: Waiting
613be09ab3c0: Waiting
fef089faac77: Pushed
0a51ee819645: Pushed
a02461115a91: Pushed
613be09ab3c0: Layer already exists
d3a9081c55ae: Pushed
98017bb62632: Pushed
2aab402018e2: Pushed
1084b96295cb: Pushed
jenkins-slave: digest: sha256:dada13b1f9bc33f52e9eea35fe3220d5246f1b72a8455d28bdd0e15499e50823 size: 1998
